<?xml version="1.0" encoding="UTF-8"?>
<!-- Generated by org.testng.reporters.JUnitXMLReporter -->
<testsuite hostname="DKT-34" ignored="0" name="Default test" tests="3" failures="0" timestamp="15 Aug 2018 22:10:08 GMT" time="112.078" errors="0">
  <testcase name="AddCustomer" time="40.151" classname="seleniumtest.com.SeleniumMavProject.Customers"/>
  <testcase name="AddCustomer" time="35.869" classname="seleniumtest.com.SeleniumMavProject.Customers"/>
  <testcase name="AddCustomer" time="35.961" classname="seleniumtest.com.SeleniumMavProject.Customers"/>
</testsuite> <!-- Default test -->
