<?xml version="1.0" encoding="UTF-8"?>
<testng-results skipped="0" failed="0" ignored="0" total="3" passed="3">
  <reporter-output>
  </reporter-output>
  <suite name="Default suite" duration-ms="112078" started-at="2018-08-15T22:08:16Z" finished-at="2018-08-15T22:10:08Z">
    <groups>
    </groups>
    <test name="Default test" duration-ms="112078" started-at="2018-08-15T22:08:16Z" finished-at="2018-08-15T22:10:08Z">
      <class name="seleniumtest.com.SeleniumMavProject.Customers">
        <test-method status="PASS" signature="AddCustomer(java.lang.String, java.lang.String, java.lang.String, java.lang.String, java.lang.String, java.lang.String)[pri:0, instance:seleniumtest.com.SeleniumMavProject.Customers@3532ec19]" name="AddCustomer" duration-ms="40151" started-at="2018-08-15T22:08:16Z" data-provider="createCustomer" finished-at="2018-08-15T22:08:56Z">
          <params>
            <param index="0">
              <value>
                <![CDATA[Riverhead]]>
              </value>
            </param>
            <param index="1">
              <value>
                <![CDATA[admin]]>
              </value>
            </param>
            <param index="2">
              <value>
                <![CDATA[jthute0705]]>
              </value>
            </param>
            <param index="3">
              <value>
                <![CDATA[Larry]]>
              </value>
            </param>
            <param index="4">
              <value>
                <![CDATA[Moe]]>
              </value>
            </param>
            <param index="5">
              <value>
                <![CDATA[]]>
              </value>
            </param>
          </params>
          <reporter-output>
          </reporter-output>
        </test-method> <!-- AddCustomer -->
        <test-method status="PASS" signature="AddCustomer(java.lang.String, java.lang.String, java.lang.String, java.lang.String, java.lang.String, java.lang.String)[pri:0, instance:seleniumtest.com.SeleniumMavProject.Customers@3532ec19]" name="AddCustomer" duration-ms="35869" started-at="2018-08-15T22:08:56Z" data-provider="createCustomer" finished-at="2018-08-15T22:09:32Z">
          <params>
            <param index="0">
              <value>
                <![CDATA[Riverhead]]>
              </value>
            </param>
            <param index="1">
              <value>
                <![CDATA[admin]]>
              </value>
            </param>
            <param index="2">
              <value>
                <![CDATA[jthute0705]]>
              </value>
            </param>
            <param index="3">
              <value>
                <![CDATA[]]>
              </value>
            </param>
            <param index="4">
              <value>
                <![CDATA[Loopezz]]>
              </value>
            </param>
            <param index="5">
              <value>
                <![CDATA[Mandatory field 'First Name' is empty]]>
              </value>
            </param>
          </params>
          <reporter-output>
          </reporter-output>
        </test-method> <!-- AddCustomer -->
        <test-method status="PASS" signature="AddCustomer(java.lang.String, java.lang.String, java.lang.String, java.lang.String, java.lang.String, java.lang.String)[pri:0, instance:seleniumtest.com.SeleniumMavProject.Customers@3532ec19]" name="AddCustomer" duration-ms="35961" started-at="2018-08-15T22:09:32Z" data-provider="createCustomer" finished-at="2018-08-15T22:10:08Z">
          <params>
            <param index="0">
              <value>
                <![CDATA[Riverhead]]>
              </value>
            </param>
            <param index="1">
              <value>
                <![CDATA[admin]]>
              </value>
            </param>
            <param index="2">
              <value>
                <![CDATA[jthute0705]]>
              </value>
            </param>
            <param index="3">
              <value>
                <![CDATA[Jennif]]>
              </value>
            </param>
            <param index="4">
              <value>
                <![CDATA[]]>
              </value>
            </param>
            <param index="5">
              <value>
                <![CDATA[Mandatory field 'Last Name' is empty]]>
              </value>
            </param>
          </params>
          <reporter-output>
          </reporter-output>
        </test-method> <!-- AddCustomer -->
      </class> <!-- seleniumtest.com.SeleniumMavProject.Customers -->
    </test> <!-- Default test -->
  </suite> <!-- Default suite -->
</testng-results>
